  CppCLR_WinformsProjekt.cpp
C:\opencv\build\include\opencv2\calib3d.hpp(1,1): warning C4819: 檔案含有無法在目前字碼頁 (950) 中表示的字元。請以 Unicode 格式儲存檔案以防止資料遺失
C:\Users\user\Desktop\homework_1\homework_1\Form1.h(210,25): warning C4244: '=': 將 'double' 轉換為 'long'，由於類型不同，可能導致資料遺失
C:\Users\user\Desktop\homework_1\homework_1\Form1.h(224,1): warning C4267: '引數': 將 'size_t' 轉換為 'int'，資料可能遺失
C:\Users\user\Desktop\homework_1\homework_1\Form1.h(228,1): warning C4267: '引數': 將 'size_t' 轉換為 'int'，資料可能遺失
C:\Users\user\Desktop\homework_1\homework_1\Form1.h(246,15): warning C4244: '正在初始化': 將 'double' 轉換為 'int'，由於類型不同，可能導致資料遺失
C:\Users\user\Desktop\homework_1\homework_1\Form1.h(325,16): warning C4244: '正在初始化': 將 'double' 轉換為 'long'，由於類型不同，可能導致資料遺失
C:\opencv\build\include\opencv2\core\cvstd.hpp(575): warning C4793: 'cv::String::String': 函式會編譯成機器碼:
  	找到受控碼中不支援的內建
C:\opencv\build\include\opencv2\core\mat.inl.hpp(576): warning C4793: 'cv::Mat::Mat': 函式會編譯成機器碼:
  	找到受控碼中不支援的內建
C:\opencv\build\include\opencv2\core\mat.inl.hpp(900): warning C4793: 'cv::Mat::release': 函式會編譯成機器碼:
  	找到受控碼中不支援的內建
C:\opencv\build\include\opencv2\core\mat.inl.hpp(2254): warning C4793: 'cv::SparseMat::addref': 函式會編譯成機器碼:
  	找到受控碼中不支援的內建
C:\opencv\build\include\opencv2\core\mat.inl.hpp(3857): warning C4793: 'cv::UMat::addref': 函式會編譯成機器碼:
  	找到受控碼中不支援的內建
C:\opencv\build\include\opencv2\core\ptr.inl.hpp(72): warning C4793: 'cv::detail::PtrOwner::decRef': 函式會編譯成機器碼:
  	找到受控碼中不支援的內建
C:\opencv\build\include\opencv2\core\ptr.inl.hpp(67): warning C4793: 'cv::detail::PtrOwner::incRef': 函式會編譯成機器碼:
  	找到受控碼中不支援的內建
CppCLR_WinformsProjekt.obj : warning LNK4248: 無法解析的 typeref 語彙基元 (01000024) (對 'CvCapture' 而言)，映像可能無法執行
CppCLR_WinformsProjekt.obj : warning LNK4248: 無法解析的 typeref 語彙基元 (01000025) (對 'cv.IVideoCapture' 而言)，映像可能無法執行
  homework_1.vcxproj -> C:\Users\user\Desktop\homework_1\x64\Release\homework_1.exe
