c:\code\clr\opencvisualstudio\homework_1\x64\release\homework_1.pch
c:\code\clr\opencvisualstudio\homework_1\x64\release\vc142.pdb
c:\code\clr\opencvisualstudio\homework_1\x64\release\pch.obj
c:\code\clr\opencvisualstudio\homework_1\x64\release\.netframework,version=v4.7.2.assemblyattributes.obj
c:\code\clr\opencvisualstudio\homework_1\x64\release\form1.obj
c:\code\clr\opencvisualstudio\homework_1\x64\release\cppclr_winformsprojekt.obj
c:\code\clr\opencvisualstudio\homework_1\x64\release\assemblyinfo.obj
c:\code\clr\opencvisualstudio\homework_1\x64\release\homework_1.form1.resources
c:\code\clr\opencvisualstudio\x64\release\homework_1.exe
c:\code\clr\opencvisualstudio\x64\release\homework_1.pdb
c:\code\clr\opencvisualstudio\homework_1\x64\release\app.res
c:\code\clr\opencvisualstudio\homework_1\x64\release\homework_1.tlog\cl.command.1.tlog
c:\code\clr\opencvisualstudio\homework_1\x64\release\homework_1.tlog\cl.read.1.tlog
c:\code\clr\opencvisualstudio\homework_1\x64\release\homework_1.tlog\cl.write.1.tlog
c:\code\clr\opencvisualstudio\homework_1\x64\release\homework_1.tlog\homework_1.write.1u.tlog
c:\code\clr\opencvisualstudio\homework_1\x64\release\homework_1.tlog\link.command.1.tlog
c:\code\clr\opencvisualstudio\homework_1\x64\release\homework_1.tlog\link.read.1.tlog
c:\code\clr\opencvisualstudio\homework_1\x64\release\homework_1.tlog\link.write.1.tlog
c:\code\clr\opencvisualstudio\homework_1\x64\release\homework_1.tlog\metagen.read.1.tlog
c:\code\clr\opencvisualstudio\homework_1\x64\release\homework_1.tlog\metagen.write.1.tlog
c:\code\clr\opencvisualstudio\homework_1\x64\release\homework_1.tlog\rc.command.1.tlog
c:\code\clr\opencvisualstudio\homework_1\x64\release\homework_1.tlog\rc.read.1.tlog
c:\code\clr\opencvisualstudio\homework_1\x64\release\homework_1.tlog\rc.write.1.tlog
